261.678416 seconds (788.83 M allocations: 100.315 GiB, 6.08% gc time, 12.00% compilation time: 0% of which was recompilation)
 21.198027 seconds (65.06 M allocations: 9.323 GiB, 7.00% gc time)
  4.655109 seconds (13.06 M allocations: 1.867 GiB, 12.91% gc time, 0.44% compilation time)
Train Loss: 0.0943208
Train Loss: 0.095320225
Train Loss: 0.10108612
Train Loss: 0.09496764
Train Loss: 0.09267428
Train Loss: 0.0913916
Train Loss: 0.08780047
Train Loss: 0.09830626
Train Loss: 0.09832432
Train Loss: 0.08371261
Train Loss: 0.091189615
Train Loss: 0.09116006
Train Loss: 0.09221722
Train Loss: 0.097820394
Train Loss: 0.10060324
Train Loss: 0.09109925
Train Loss: 0.09398072
Train Loss: 0.09394173
Train Loss: 0.09394328
Train Loss: 0.10072538
Train Loss: 0.11608272
Train Loss: 0.097896434
Train Loss: 0.09113025
Train Loss: 0.08363002
Train Loss: 0.08760256
Train Loss: 0.083577044
Train Loss: 0.087540925
Train Loss: 0.09388036
Train Loss: 0.1019021
Train Loss: 0.09105911
Train Loss: 0.08344395
Train Loss: 0.09369455
Train Loss: 0.095349625
Train Loss: 0.11456928
Train Loss: 0.09099148
Train Loss: 0.08340295
Train Loss: 0.08338558
Train Loss: 0.093723975
Train Loss: 0.08331773
Train Loss: 0.09519852
Train Loss: 0.09223378
Train Loss: 0.083242215
Train Loss: 0.098329574
Train Loss: 0.113654725
Train Loss: 0.083236836
Train Loss: 0.09190981
Train Loss: 0.08259169
Train Loss: 0.09887929
Train Loss: 0.098112874
Train Loss: 0.093964316
Train Loss: 0.097574085
Train Loss: 0.0875469
Train Loss: 0.093966946
Train Loss: 0.08111919
Train Loss: 0.091935866
Train Loss: 0.09113317
Train Loss: 0.09192527
Train Loss: 0.09188596
Train Loss: 0.08357733
Train Loss: 0.10038454
Train Loss: 0.09396769
Train Loss: 0.08748836
Train Loss: 0.10115784
Train Loss: 0.095222436
Train Loss: 0.10092736
Train Loss: 0.09385057
Train Loss: 0.10087432
Train Loss: 0.091707066
Train Loss: 0.114259526
Train Loss: 0.10067587
Train Loss: 0.081679195
Train Loss: 0.08740404
Train Loss: 0.08740607
Train Loss: 0.10072723
Train Loss: 0.10075555
Train Loss: 0.100769885
Train Loss: 0.083321415
Train Loss: 0.09175362
Train Loss: 0.0917156
Train Loss: 0.09523799
Train Loss: 0.100091815
Train Loss: 0.097913355
Train Loss: 0.09367998
Train Loss: 0.09503382
Train Loss: 0.08486951
Train Loss: 0.093484655
Train Loss: 0.09511969
Train Loss: 0.090820335
Train Loss: 0.082907595
Train Loss: 0.11373385
Train Loss: 0.0825636
Train Loss: 0.08186502
Train Loss: 0.09482443
Train Loss: 0.08186068
Train Loss: 0.09088036
Train Loss: 0.08329016
Train Loss: 0.1134553
Train Loss: 0.09325496
Train Loss: 0.10036055
Train Loss: 0.091837786
Train Loss: 0.10099609
Train Loss: 0.0916542
Train Loss: 0.090653
Train Loss: 0.08133302
Train Loss: 0.0913168
Train Loss: 0.09399484
Train Loss: 0.0970685
Train Loss: 0.08110741
Train Loss: 0.09091025
Train Loss: 0.083569065
Train Loss: 0.082531415
Train Loss: 0.09311288
Train Loss: 0.10013036
Train Loss: 0.09035539
Train Loss: 0.09273436
Train Loss: 0.09709858
Train Loss: 0.09415567
Train Loss: 0.08618405
Train Loss: 0.09258961
Train Loss: 0.09634754
Train Loss: 0.08953758
Train Loss: 0.081513986
Train Loss: 0.09213812
Train Loss: 0.08126768
Train Loss: 0.08306878
Train Loss: 0.093412764
Train Loss: 0.098994255
Train Loss: 0.09350637
Train Loss: 0.08275816
Train Loss: 0.09344264
Train Loss: 0.088981375
Train Loss: 0.09646413
Train Loss: 0.09552388
Train Loss: 0.093143
Train Loss: 0.08883938
Train Loss: 0.11190953
Train Loss: 0.092572354
Train Loss: 0.08515009
Train Loss: 0.09221591
Train Loss: 0.09859423
Train Loss: 0.083147585
Train Loss: 0.09865985
Train Loss: 0.0806182
Train Loss: 0.08484675
Train Loss: 0.08477278
Train Loss: 0.091844015
Train Loss: 0.08923069
Train Loss: 0.083278075
Train Loss: 0.09099601
Train Loss: 0.08019516
Train Loss: 0.08817926
Train Loss: 0.09086432
Train Loss: 0.09230585
Train Loss: 0.08341281
Train Loss: 0.09098447
Train Loss: 0.09545772
Train Loss: 0.088718854
Train Loss: 0.08248291
Train Loss: 0.08862884
Train Loss: 0.09804154
Train Loss: 0.08801295
Train Loss: 0.09521706
Train Loss: 0.08798822
Train Loss: 0.08811696
Train Loss: 0.083462924
Train Loss: 0.079933755
Train Loss: 0.09742765
Train Loss: 0.09204218
Train Loss: 0.11082069
Train Loss: 0.08789319
Train Loss: 0.09712731
Train Loss: 0.09507843
Train Loss: 0.09758024
Train Loss: 0.08779563
Train Loss: 0.087750636
Train Loss: 0.090289444
Train Loss: 0.07971075
Train Loss: 0.11159864
Train Loss: 0.088233985
Train Loss: 0.0839836
Train Loss: 0.09162117
Train Loss: 0.08803224
Train Loss: 0.113712706
Train Loss: 0.08388799
Train Loss: 0.07945365
Train Loss: 0.09171649
Train Loss: 0.11071739
Train Loss: 0.09056039
Train Loss: 0.09486835
Train Loss: 0.110737175
Train Loss: 0.097071804
Train Loss: 0.087413535
Train Loss: 0.087907664
Train Loss: 0.08785343
Train Loss: 0.087439016
Train Loss: 0.08382141
Train Loss: 0.083715245
Train Loss: 0.111224286
Train Loss: 0.11102193
Train Loss: 0.08751174
Train Loss: 0.09479439
Train Loss: 0.090524964
Train Loss: 0.0795857
Train Loss: 0.090412684
Train Loss: 0.11144069
Train Loss: 0.08186836
Train Loss: 0.08380431
Train Loss: 0.09497671
Train Loss: 0.11004248
Train Loss: 0.11032789
Train Loss: 0.08382156
Train Loss: 0.094701186
Train Loss: 0.08744971
Train Loss: 0.08250331
Train Loss: 0.094099864
Train Loss: 0.09050046
Train Loss: 0.082201645
Train Loss: 0.091221854
Train Loss: 0.08156367
Train Loss: 0.10984658
Train Loss: 0.090421386
Train Loss: 0.07997076
Train Loss: 0.07992131
Train Loss: 0.08392283
Train Loss: 0.094462596
Train Loss: 0.089893885
Train Loss: 0.08109977
Train Loss: 0.087317124
Train Loss: 0.11041032
Train Loss: 0.109974764
Train Loss: 0.097103156
Train Loss: 0.08361196
Train Loss: 0.08726864
Train Loss: 0.1099397
Train Loss: 0.09668321
Train Loss: 0.09466023
Train Loss: 0.09434603
Train Loss: 0.09014619
Train Loss: 0.083442055
Train Loss: 0.09137637
Train Loss: 0.110665604
Train Loss: 0.08332566
Train Loss: 0.079269655
Train Loss: 0.08944971
Train Loss: 0.0791448
Train Loss: 0.09001005
Train Loss: 0.0829261
Train Loss: 0.08691065
Train Loss: 0.09118469
Train Loss: 0.08693537
Train Loss: 0.11097211
Train Loss: 0.08407377
Train Loss: 0.09602118
Train Loss: 0.110056266
Train Loss: 0.080596164
Train Loss: 0.09130205
Train Loss: 0.087165825
Train Loss: 0.08983891
Train Loss: 0.0969722
Train Loss: 0.089955434
Train Loss: 0.08013928
Train Loss: 0.08168308
Train Loss: 0.08737172
Train Loss: 0.10905889
Train Loss: 0.089804284
Train Loss: 0.083879605
Train Loss: 0.08743391
Train Loss: 0.09027056
Train Loss: 0.08933043
Train Loss: 0.08721129
Train Loss: 0.08028413
Train Loss: 0.0888165
Train Loss: 0.09189716
Train Loss: 0.08342669
Train Loss: 0.09007401
Train Loss: 0.079207554
Train Loss: 0.09128582
Train Loss: 0.09694673
Train Loss: 0.08683799
Train Loss: 0.08997536
Train Loss: 0.09727798
Train Loss: 0.0911678
Train Loss: 0.09064327
Train Loss: 0.09471107
Train Loss: 0.09429726
Train Loss: 0.08293588
Train Loss: 0.11112449
Train Loss: 0.082920745
Train Loss: 0.08877814
Train Loss: 0.07885627
Train Loss: 0.08935421
Train Loss: 0.09104952
Train Loss: 0.07877912
Train Loss: 0.08285939
Train Loss: 0.078706026
Train Loss: 0.09665137
Train Loss: 0.09386948
Train Loss: 0.082764566
Train Loss: 0.08646537
Train Loss: 0.09334585
Train Loss: 0.086438775
Train Loss: 0.09113503
Train Loss: 0.08270492
Train Loss: 0.08938583
Train Loss: 0.07859745
Train Loss: 0.0863508
Train Loss: 0.08633204
Train Loss: 0.111594975
Train Loss: 0.086313754
Train Loss: 0.08344737
Train Loss: 0.096685715
Train Loss: 0.089375064
Train Loss: 0.08272589
Train Loss: 0.10919093
Train Loss: 0.10986207
Train Loss: 0.09137106
Train Loss: 0.081386104
Train Loss: 0.10793215
Train Loss: 0.08307151
Train Loss: 0.09357293
Train Loss: 0.10798776
Train Loss: 0.07931224
Train Loss: 0.08333987
Train Loss: 0.08329308
Train Loss: 0.10890452
Train Loss: 0.09474385
Train Loss: 0.07911152
Train Loss: 0.10848279
Train Loss: 0.07900478
Train Loss: 0.078934714
Train Loss: 0.09649179
Train Loss: 0.078800045
Train Loss: 0.08975725
Train Loss: 0.09092874
Train Loss: 0.08277578
Train Loss: 0.08652913
Train Loss: 0.08956289
Train Loss: 0.07845117
Train Loss: 0.09454701
Train Loss: 0.08967295
Train Loss: 0.07835532
Train Loss: 0.078317985
Train Loss: 0.09386165
Train Loss: 0.08626597
Train Loss: 0.08244011
Train Loss: 0.089238435
Train Loss: 0.08906338
Train Loss: 0.086275294
Train Loss: 0.110022806
Train Loss: 0.11079338
Train Loss: 0.07825978
Train Loss: 0.078278095
Train Loss: 0.08276674
Train Loss: 0.08956299
Train Loss: 0.086438626
Train Loss: 0.08952238
Train Loss: 0.1094595
Train Loss: 0.086474426
Train Loss: 0.090495296
Train Loss: 0.0827404
Train Loss: 0.086484164
Train Loss: 0.086482085
Train Loss: 0.09351076
Train Loss: 0.08866066
Train Loss: 0.0909542
Train Loss: 0.109773435
Train Loss: 0.089369416
Train Loss: 0.09028516
Train Loss: 0.095924996
Train Loss: 0.0905923
Train Loss: 0.09386563
Train Loss: 0.078478076
Train Loss: 0.10856077
Train Loss: 0.08873219
Train Loss: 0.09027317
Train Loss: 0.090747185
Train Loss: 0.09409207
Train Loss: 0.08098126
Train Loss: 0.09332049
Train Loss: 0.08063641
Train Loss: 0.10865254
Train Loss: 0.07860296
Train Loss: 0.09376678
Train Loss: 0.0889542
Train Loss: 0.09062322
Train Loss: 0.10893298
Train Loss: 0.09726869
Train Loss: 0.08868605
Train Loss: 0.088600375
Train Loss: 0.09094516
Train Loss: 0.09679777
Train Loss: 0.107534096
Train Loss: 0.08138502
Train Loss: 0.087962136
Train Loss: 0.09097913
Train Loss: 0.079092644
Train Loss: 0.08783881
Train Loss: 0.09630922
Train Loss: 0.094592296
Train Loss: 0.09626677
Train Loss: 0.08742173
Train Loss: 0.09437805
Train Loss: 0.07916516
Train Loss: 0.09603218
Train Loss: 0.09147122
Train Loss: 0.079545006
Train Loss: 0.07902477
Train Loss: 0.08331303
Train Loss: 0.09689597
Train Loss: 0.08323105
Train Loss: 0.078807905
Train Loss: 0.08753017
Train Loss: 0.10949636
Train Loss: 0.089721926
Train Loss: 0.081174985
Train Loss: 0.07972715
Train Loss: 0.09388435
Train Loss: 0.079750024
Train Loss: 0.10788176
Train Loss: 0.09012474
Train Loss: 0.094075665
Train Loss: 0.08771862
Train Loss: 0.10903878
Train Loss: 0.095960885
Train Loss: 0.09113251
Train Loss: 0.089914136
Train Loss: 0.09655024
Train Loss: 0.09646257
Train Loss: 0.083231345
Train Loss: 0.08311624
Train Loss: 0.082991116
Train Loss: 0.09576107
Train Loss: 0.087935984
Train Loss: 0.07966637
Train Loss: 0.09568578
Train Loss: 0.089490466
Train Loss: 0.08272631
Train Loss: 0.09392875
Train Loss: 0.0878684
Train Loss: 0.07840222
Train Loss: 0.08765006
Train Loss: 0.08642083
Train Loss: 0.08642836
Train Loss: 0.08718493
Train Loss: 0.089323126
Train Loss: 0.10921811
Train Loss: 0.09450351
Train Loss: 0.09588161
Train Loss: 0.08270859
Train Loss: 0.090929784
Train Loss: 0.08674319
Train Loss: 0.09604959
Train Loss: 0.080815434
Train Loss: 0.10871681
Train Loss: 0.1077867
Train Loss: 0.09445044
Train Loss: 0.083000496
Train Loss: 0.09398057
Train Loss: 0.09543843
Train Loss: 0.07871885
Train Loss: 0.082940705
Train Loss: 0.095663525
Train Loss: 0.08969146
Train Loss: 0.08271165
Train Loss: 0.08263487
Train Loss: 0.09534774
Train Loss: 0.07827534
Train Loss: 0.07954209
Train Loss: 0.09053945
Train Loss: 0.08244129
Train Loss: 0.09384538
Train Loss: 0.09089187
Train Loss: 0.10796125
Train Loss: 0.086253785
Train Loss: 0.08237188
Train Loss: 0.09342254
Train Loss: 0.08826383
Train Loss: 0.0881705
Train Loss: 0.086323716
Train Loss: 0.078198455
Train Loss: 0.07814865
Train Loss: 0.08228465
Train Loss: 0.08617259
Train Loss: 0.08747885
Train Loss: 0.07951233
Train Loss: 0.089231774
Train Loss: 0.093925
Train Loss: 0.07799636
Train Loss: 0.1081513
Train Loss: 0.08225783
Train Loss: 0.082255036
Train Loss: 0.09076575
Train Loss: 0.07903642
Train Loss: 0.106444374
Train Loss: 0.09090855
Train Loss: 0.08733174
Train Loss: 0.07988424
Train Loss: 0.094208546
Train Loss: 0.07819839
Train Loss: 0.07882545
ERROR: LoadError: Scalar indexing is disallowed.
Invocation of getindex resulted in scalar indexing of a GPU array.
This is typically caused by calling an iterating implementation of a method.
Such implementations *do not* execute on the GPU, but very slowly on the CPU,
and therefore are only permitted from the REPL for prototyping purposes.
If you did intend to index this array, annotate the caller with @allowscalar.
Stacktrace:
  [1] error(s::String)
    @ Base ./error.jl:35
  [2] assertscalar(op::String)
    @ GPUArraysCore ~/.julia/packages/GPUArraysCore/HaQcr/src/GPUArraysCore.jl:103
  [3] getindex(xs::CUDA.CuArray{Float32, 2, CUDA.Mem.DeviceBuffer}, I::Int64)
    @ GPUArrays ~/.julia/packages/GPUArrays/6STCb/src/host/indexing.jl:9
  [4] iterate
    @ ./abstractarray.jl:1167 [inlined]
  [5] iterate
    @ ./abstractarray.jl:1165 [inlined]
  [6] extrema_nan
    @ ~/.julia/packages/Makie/LCBYx/src/layouting/data_limits.jl:13 [inlined]
  [7] distinct_extrema_nan(x::CUDA.CuArray{Float32, 2, CUDA.Mem.DeviceBuffer})
    @ Makie ~/.julia/packages/Makie/LCBYx/src/layouting/data_limits.jl:34
  [8] #map#13
    @ ~/.julia/packages/Observables/PHGQ8/src/Observables.jl:564 [inlined]
  [9] map
    @ ~/.julia/packages/Observables/PHGQ8/src/Observables.jl:562 [inlined]
 [10] (::Makie.var"#131#136"{Observable{Any}})()
    @ Makie ~/.julia/packages/Makie/LCBYx/src/interfaces.jl:28
 [11] replace_automatic!(f::Makie.var"#131#136"{Observable{Any}}, dict::Heatmap{Tuple{Vector{Float32}, Vector{Float32}, CUDA.CuArray{Float32, 2, CUDA.Mem.DeviceBuffer}}}, key::Symbol)
    @ Makie ~/.julia/packages/Makie/LCBYx/src/utilities/utilities.jl:62
 [12] color_and_colormap!(plot::Heatmap{Tuple{Vector{Float32}, Vector{Float32}, CUDA.CuArray{Float32, 2, CUDA.Mem.DeviceBuffer}}}, intensity::Observable{Any})
    @ Makie ~/.julia/packages/Makie/LCBYx/src/interfaces.jl:27
 [13] color_and_colormap!(plot::Heatmap{Tuple{Vector{Float32}, Vector{Float32}, CUDA.CuArray{Float32, 2, CUDA.Mem.DeviceBuffer}}})
    @ Makie ~/.julia/packages/Makie/LCBYx/src/interfaces.jl:24
 [14] calculated_attributes!
    @ ~/.julia/packages/Makie/LCBYx/src/interfaces.jl:59 [inlined]
 [15] calculated_attributes!
    @ ~/.julia/packages/MakieCore/77C6Z/src/basic_plots.jl:12 [inlined]
 [16] Heatmap{Tuple{Vector{Float32}, Vector{Float32}, CUDA.CuArray{Float32, 2, CUDA.Mem.DeviceBuffer}}}(scene::Scene, attributes::Attributes, input::Tuple{Observable{Vector{Float32}}, Observable{Vector{Float32}}, Observable{CUDA.CuArray{Float32, 2, CUDA.Mem.DeviceBuffer}}}, args::Observable{Tuple{Vector{Float32}, Vector{Float32}, CUDA.CuArray{Float32, 2, CUDA.Mem.DeviceBuffer}}})
    @ Makie ~/.julia/packages/Makie/LCBYx/src/interfaces.jl:234
 [17] plot!(scene::Scene, P::Type{Heatmap{Tuple{Vector{Float32}, Vector{Float32}, CUDA.CuArray{Float32, 2, CUDA.Mem.DeviceBuffer}}}}, attributes::Attributes, input::Tuple{Observable{Vector{Float32}}, Observable{Vector{Float32}}, Observable{CUDA.CuArray{Float32, 2, CUDA.Mem.DeviceBuffer}}}, args::Observable{Tuple{Vector{Float32}, Vector{Float32}, CUDA.CuArray{Float32, 2, CUDA.Mem.DeviceBuffer}}})
    @ Makie ~/.julia/packages/Makie/LCBYx/src/interfaces.jl:411
 [18] plot!(::Scene, ::Type{Heatmap}, ::Attributes, ::Vector{Float32}, ::Vararg{Any}; kw_attributes::Base.Pairs{Symbol, Union{}, Tuple{}, NamedTuple{(), Tuple{}}})
    @ Makie ~/.julia/packages/Makie/LCBYx/src/interfaces.jl:335
 [19] plot!(::Scene, ::Type{Heatmap}, ::Attributes, ::Vector{Float32}, ::Vector{Float32}, ::CUDA.CuArray{Float32, 2, CUDA.Mem.DeviceBuffer})
    @ Makie ~/.julia/packages/Makie/LCBYx/src/interfaces.jl:302
 [20] plot!(::Axis, ::Type{Heatmap}, ::Attributes, ::Vector{Float32}, ::Vararg{Any}; kw_attributes::Base.Pairs{Symbol, Union{}, Tuple{}, NamedTuple{(), Tuple{}}})
    @ Makie ~/.julia/packages/Makie/LCBYx/src/makielayout/blocks/axis.jl:775
 [21] plot!(::Axis, ::Type{Heatmap}, ::Attributes, ::Vector{Float32}, ::Vector{Float32}, ::CUDA.CuArray{Float32, 2, CUDA.Mem.DeviceBuffer})
    @ Makie ~/.julia/packages/Makie/LCBYx/src/makielayout/blocks/axis.jl:762
 [22] plot!(::Type{Heatmap}, ::Axis, ::Vector{Float32}, ::Vararg{Any}; kw_attributes::Base.Pairs{Symbol, Symbol, Tuple{Symbol}, NamedTuple{(:colormap,), Tuple{Symbol}}})
    @ Makie ~/.julia/packages/Makie/LCBYx/src/makielayout/blocks/axis.jl:792
 [23] heatmap!(::Axis, ::Vararg{Any}; attributes::Base.Pairs{Symbol, Symbol, Tuple{Symbol}, NamedTuple{(:colormap,), Tuple{Symbol}}})
    @ MakieCore ~/.julia/packages/MakieCore/77C6Z/src/recipes.jl:38
 [24] plot_comparison!(dim::TwoDim, y_true::CUDA.CuArray{Float32, 4, CUDA.Mem.DeviceBuffer}, y_pred::CUDA.CuArray{Float32, 4, CUDA.Mem.DeviceBuffer}; path::String)
    @ Waves /lts/home/012761749/Waves.jl/src/plot.jl:97
 [25] top-level scope
    @ /lts/home/012761749/Waves.jl/scripts/test.jl:146
in expression starting at /lts/home/012761749/Waves.jl/scripts/test.jl:92
srun: error: cs001: task 0: Exited with exit code 1
