JLDFile /lts/home/012761749/Waves.jl/data/train/data1.jld2 (read-only)
JLDFile /lts/home/012761749/Waves.jl/data/train/data10.jld2 (read-only)
JLDFile /lts/home/012761749/Waves.jl/data/train/data100.jld2 (read-only)
JLDFile /lts/home/012761749/Waves.jl/data/train/data101.jld2 (read-only)
JLDFile /lts/home/012761749/Waves.jl/data/train/data102.jld2 (read-only)
JLDFile /lts/home/012761749/Waves.jl/data/train/data103.jld2 (read-only)
JLDFile /lts/home/012761749/Waves.jl/data/train/data104.jld2 (read-only)
JLDFile /lts/home/012761749/Waves.jl/data/train/data105.jld2 (read-only)
JLDFile /lts/home/012761749/Waves.jl/data/train/data106.jld2 (read-only)
JLDFile /lts/home/012761749/Waves.jl/data/train/data107.jld2 (read-only)
JLDFile /lts/home/012761749/Waves.jl/data/train/data108.jld2 (read-only)
JLDFile /lts/home/012761749/Waves.jl/data/train/data109.jld2 (read-only)
JLDFile /lts/home/012761749/Waves.jl/data/train/data11.jld2 (read-only)
JLDFile /lts/home/012761749/Waves.jl/data/train/data110.jld2 (read-only)
JLDFile /lts/home/012761749/Waves.jl/data/train/data111.jld2 (read-only)
JLDFile /lts/home/012761749/Waves.jl/data/train/data112.jld2 (read-only)
JLDFile /lts/home/012761749/Waves.jl/data/train/data113.jld2 (read-only)
JLDFile /lts/home/012761749/Waves.jl/data/train/data114.jld2 (read-only)
JLDFile /lts/home/012761749/Waves.jl/data/train/data115.jld2 (read-only)
JLDFile /lts/home/012761749/Waves.jl/data/train/data116.jld2 (read-only)
JLDFile /lts/home/012761749/Waves.jl/data/train/data117.jld2 (read-only)
JLDFile /lts/home/012761749/Waves.jl/data/train/data118.jld2 (read-only)
JLDFile /lts/home/012761749/Waves.jl/data/train/data119.jld2 (read-only)
JLDFile /lts/home/012761749/Waves.jl/data/train/data12.jld2 (read-only)
JLDFile /lts/home/012761749/Waves.jl/data/train/data120.jld2 (read-only)
JLDFile /lts/home/012761749/Waves.jl/data/train/data121.jld2 (read-only)
JLDFile /lts/home/012761749/Waves.jl/data/train/data122.jld2 (read-only)
JLDFile /lts/home/012761749/Waves.jl/data/train/data123.jld2 (read-only)
JLDFile /lts/home/012761749/Waves.jl/data/train/data124.jld2 (read-only)
JLDFile /lts/home/012761749/Waves.jl/data/train/data125.jld2 (read-only)
JLDFile /lts/home/012761749/Waves.jl/data/train/data126.jld2 (read-only)
JLDFile /lts/home/012761749/Waves.jl/data/train/data127.jld2 (read-only)
JLDFile /lts/home/012761749/Waves.jl/data/train/data128.jld2 (read-only)
JLDFile /lts/home/012761749/Waves.jl/data/train/data129.jld2 (read-only)
JLDFile /lts/home/012761749/Waves.jl/data/train/data13.jld2 (read-only)
JLDFile /lts/home/012761749/Waves.jl/data/train/data130.jld2 (read-only)
JLDFile /lts/home/012761749/Waves.jl/data/train/data131.jld2 (read-only)
JLDFile /lts/home/012761749/Waves.jl/data/train/data132.jld2 (read-only)
JLDFile /lts/home/012761749/Waves.jl/data/train/data133.jld2 (read-only)
JLDFile /lts/home/012761749/Waves.jl/data/train/data134.jld2 (read-only)
JLDFile /lts/home/012761749/Waves.jl/data/train/data135.jld2 (read-only)
JLDFile /lts/home/012761749/Waves.jl/data/train/data136.jld2 (read-only)
JLDFile /lts/home/012761749/Waves.jl/data/train/data137.jld2 (read-only)
JLDFile /lts/home/012761749/Waves.jl/data/train/data138.jld2 (read-only)
JLDFile /lts/home/012761749/Waves.jl/data/train/data139.jld2 (read-only)
JLDFile /lts/home/012761749/Waves.jl/data/train/data14.jld2 (read-only)
JLDFile /lts/home/012761749/Waves.jl/data/train/data140.jld2 (read-only)
JLDFile /lts/home/012761749/Waves.jl/data/train/data141.jld2 (read-only)
JLDFile /lts/home/012761749/Waves.jl/data/train/data142.jld2 (read-only)
JLDFile /lts/home/012761749/Waves.jl/data/train/data143.jld2 (read-only)
JLDFile /lts/home/012761749/Waves.jl/data/train/data144.jld2 (read-only)
JLDFile /lts/home/012761749/Waves.jl/data/train/data145.jld2 (read-only)
JLDFile /lts/home/012761749/Waves.jl/data/train/data146.jld2 (read-only)
JLDFile /lts/home/012761749/Waves.jl/data/train/data147.jld2 (read-only)
JLDFile /lts/home/012761749/Waves.jl/data/train/data148.jld2 (read-only)
JLDFile /lts/home/012761749/Waves.jl/data/train/data149.jld2 (read-only)
JLDFile /lts/home/012761749/Waves.jl/data/train/data15.jld2 (read-only)
JLDFile /lts/home/012761749/Waves.jl/data/train/data150.jld2 (read-only)
JLDFile /lts/home/012761749/Waves.jl/data/train/data151.jld2 (read-only)
JLDFile /lts/home/012761749/Waves.jl/data/train/data152.jld2 (read-only)
JLDFile /lts/home/012761749/Waves.jl/data/train/data153.jld2 (read-only)
JLDFile /lts/home/012761749/Waves.jl/data/train/data154.jld2 (read-only)
JLDFile /lts/home/012761749/Waves.jl/data/train/data155.jld2 (read-only)
JLDFile /lts/home/012761749/Waves.jl/data/train/data156.jld2 (read-only)
JLDFile /lts/home/012761749/Waves.jl/data/train/data157.jld2 (read-only)
JLDFile /lts/home/012761749/Waves.jl/data/train/data158.jld2 (read-only)
JLDFile /lts/home/012761749/Waves.jl/data/train/data159.jld2 (read-only)
JLDFile /lts/home/012761749/Waves.jl/data/train/data16.jld2 (read-only)
JLDFile /lts/home/012761749/Waves.jl/data/train/data160.jld2 (read-only)
JLDFile /lts/home/012761749/Waves.jl/data/train/data161.jld2 (read-only)
JLDFile /lts/home/012761749/Waves.jl/data/train/data162.jld2 (read-only)
JLDFile /lts/home/012761749/Waves.jl/data/train/data163.jld2 (read-only)
JLDFile /lts/home/012761749/Waves.jl/data/train/data164.jld2 (read-only)
JLDFile /lts/home/012761749/Waves.jl/data/train/data165.jld2 (read-only)
JLDFile /lts/home/012761749/Waves.jl/data/train/data166.jld2 (read-only)
JLDFile /lts/home/012761749/Waves.jl/data/train/data167.jld2 (read-only)
JLDFile /lts/home/012761749/Waves.jl/data/train/data168.jld2 (read-only)
JLDFile /lts/home/012761749/Waves.jl/data/train/data169.jld2 (read-only)
JLDFile /lts/home/012761749/Waves.jl/data/train/data17.jld2 (read-only)
JLDFile /lts/home/012761749/Waves.jl/data/train/data170.jld2 (read-only)
JLDFile /lts/home/012761749/Waves.jl/data/train/data171.jld2 (read-only)
JLDFile /lts/home/012761749/Waves.jl/data/train/data172.jld2 (read-only)
JLDFile /lts/home/012761749/Waves.jl/data/train/data173.jld2 (read-only)
JLDFile /lts/home/012761749/Waves.jl/data/train/data174.jld2 (read-only)
JLDFile /lts/home/012761749/Waves.jl/data/train/data175.jld2 (read-only)
JLDFile /lts/home/012761749/Waves.jl/data/train/data176.jld2 (read-only)
JLDFile /lts/home/012761749/Waves.jl/data/train/data177.jld2 (read-only)
JLDFile /lts/home/012761749/Waves.jl/data/train/data178.jld2 (read-only)
JLDFile /lts/home/012761749/Waves.jl/data/train/data179.jld2 (read-only)
JLDFile /lts/home/012761749/Waves.jl/data/train/data18.jld2 (read-only)
JLDFile /lts/home/012761749/Waves.jl/data/train/data180.jld2 (read-only)
JLDFile /lts/home/012761749/Waves.jl/data/train/data181.jld2 (read-only)
JLDFile /lts/home/012761749/Waves.jl/data/train/data182.jld2 (read-only)
JLDFile /lts/home/012761749/Waves.jl/data/train/data183.jld2 (read-only)
JLDFile /lts/home/012761749/Waves.jl/data/train/data184.jld2 (read-only)
JLDFile /lts/home/012761749/Waves.jl/data/train/data185.jld2 (read-only)
JLDFile /lts/home/012761749/Waves.jl/data/train/data186.jld2 (read-only)
JLDFile /lts/home/012761749/Waves.jl/data/train/data187.jld2 (read-only)
JLDFile /lts/home/012761749/Waves.jl/data/train/data188.jld2 (read-only)
JLDFile /lts/home/012761749/Waves.jl/data/train/data189.jld2 (read-only)
JLDFile /lts/home/012761749/Waves.jl/data/train/data19.jld2 (read-only)
JLDFile /lts/home/012761749/Waves.jl/data/train/data190.jld2 (read-only)
JLDFile /lts/home/012761749/Waves.jl/data/train/data191.jld2 (read-only)
JLDFile /lts/home/012761749/Waves.jl/data/train/data192.jld2 (read-only)
JLDFile /lts/home/012761749/Waves.jl/data/train/data193.jld2 (read-only)
JLDFile /lts/home/012761749/Waves.jl/data/train/data194.jld2 (read-only)
JLDFile /lts/home/012761749/Waves.jl/data/train/data195.jld2 (read-only)
JLDFile /lts/home/012761749/Waves.jl/data/train/data196.jld2 (read-only)
JLDFile /lts/home/012761749/Waves.jl/data/train/data197.jld2 (read-only)
JLDFile /lts/home/012761749/Waves.jl/data/train/data198.jld2 (read-only)
JLDFile /lts/home/012761749/Waves.jl/data/train/data199.jld2 (read-only)
JLDFile /lts/home/012761749/Waves.jl/data/train/data2.jld2 (read-only)
JLDFile /lts/home/012761749/Waves.jl/data/train/data20.jld2 (read-only)
JLDFile /lts/home/012761749/Waves.jl/data/train/data200.jld2 (read-only)
JLDFile /lts/home/012761749/Waves.jl/data/train/data201.jld2 (read-only)
JLDFile /lts/home/012761749/Waves.jl/data/train/data202.jld2 (read-only)
JLDFile /lts/home/012761749/Waves.jl/data/train/data203.jld2 (read-only)
JLDFile /lts/home/012761749/Waves.jl/data/train/data204.jld2 (read-only)
JLDFile /lts/home/012761749/Waves.jl/data/train/data205.jld2 (read-only)
JLDFile /lts/home/012761749/Waves.jl/data/train/data206.jld2 (read-only)
JLDFile /lts/home/012761749/Waves.jl/data/train/data207.jld2 (read-only)
JLDFile /lts/home/012761749/Waves.jl/data/train/data208.jld2 (read-only)
JLDFile /lts/home/012761749/Waves.jl/data/train/data209.jld2 (read-only)
JLDFile /lts/home/012761749/Waves.jl/data/train/data21.jld2 (read-only)
JLDFile /lts/home/012761749/Waves.jl/data/train/data210.jld2 (read-only)
JLDFile /lts/home/012761749/Waves.jl/data/train/data211.jld2 (read-only)
JLDFile /lts/home/012761749/Waves.jl/data/train/data212.jld2 (read-only)
JLDFile /lts/home/012761749/Waves.jl/data/train/data213.jld2 (read-only)
JLDFile /lts/home/012761749/Waves.jl/data/train/data214.jld2 (read-only)
JLDFile /lts/home/012761749/Waves.jl/data/train/data215.jld2 (read-only)
JLDFile /lts/home/012761749/Waves.jl/data/train/data216.jld2 (read-only)
JLDFile /lts/home/012761749/Waves.jl/data/train/data217.jld2 (read-only)
JLDFile /lts/home/012761749/Waves.jl/data/train/data218.jld2 (read-only)
JLDFile /lts/home/012761749/Waves.jl/data/train/data219.jld2 (read-only)
JLDFile /lts/home/012761749/Waves.jl/data/train/data22.jld2 (read-only)
JLDFile /lts/home/012761749/Waves.jl/data/train/data220.jld2 (read-only)
JLDFile /lts/home/012761749/Waves.jl/data/train/data221.jld2 (read-only)
JLDFile /lts/home/012761749/Waves.jl/data/train/data222.jld2 (read-only)
JLDFile /lts/home/012761749/Waves.jl/data/train/data223.jld2 (read-only)
JLDFile /lts/home/012761749/Waves.jl/data/train/data224.jld2 (read-only)
JLDFile /lts/home/012761749/Waves.jl/data/train/data225.jld2 (read-only)
JLDFile /lts/home/012761749/Waves.jl/data/train/data226.jld2 (read-only)
JLDFile /lts/home/012761749/Waves.jl/data/train/data227.jld2 (read-only)
JLDFile /lts/home/012761749/Waves.jl/data/train/data228.jld2 (read-only)
JLDFile /lts/home/012761749/Waves.jl/data/train/data229.jld2 (read-only)
JLDFile /lts/home/012761749/Waves.jl/data/train/data23.jld2 (read-only)
JLDFile /lts/home/012761749/Waves.jl/data/train/data230.jld2 (read-only)
JLDFile /lts/home/012761749/Waves.jl/data/train/data231.jld2 (read-only)
JLDFile /lts/home/012761749/Waves.jl/data/train/data232.jld2 (read-only)
JLDFile /lts/home/012761749/Waves.jl/data/train/data233.jld2 (read-only)
JLDFile /lts/home/012761749/Waves.jl/data/train/data234.jld2 (read-only)
JLDFile /lts/home/012761749/Waves.jl/data/train/data235.jld2 (read-only)
JLDFile /lts/home/012761749/Waves.jl/data/train/data236.jld2 (read-only)
JLDFile /lts/home/012761749/Waves.jl/data/train/data237.jld2 (read-only)
JLDFile /lts/home/012761749/Waves.jl/data/train/data238.jld2 (read-only)
JLDFile /lts/home/012761749/Waves.jl/data/train/data239.jld2 (read-only)
JLDFile /lts/home/012761749/Waves.jl/data/train/data24.jld2 (read-only)
JLDFile /lts/home/012761749/Waves.jl/data/train/data240.jld2 (read-only)
JLDFile /lts/home/012761749/Waves.jl/data/train/data241.jld2 (read-only)
JLDFile /lts/home/012761749/Waves.jl/data/train/data242.jld2 (read-only)
JLDFile /lts/home/012761749/Waves.jl/data/train/data243.jld2 (read-only)
JLDFile /lts/home/012761749/Waves.jl/data/train/data244.jld2 (read-only)
JLDFile /lts/home/012761749/Waves.jl/data/train/data245.jld2 (read-only)
JLDFile /lts/home/012761749/Waves.jl/data/train/data246.jld2 (read-only)
JLDFile /lts/home/012761749/Waves.jl/data/train/data247.jld2 (read-only)
JLDFile /lts/home/012761749/Waves.jl/data/train/data248.jld2 (read-only)
JLDFile /lts/home/012761749/Waves.jl/data/train/data249.jld2 (read-only)
JLDFile /lts/home/012761749/Waves.jl/data/train/data25.jld2 (read-only)
JLDFile /lts/home/012761749/Waves.jl/data/train/data250.jld2 (read-only)
JLDFile /lts/home/012761749/Waves.jl/data/train/data251.jld2 (read-only)
JLDFile /lts/home/012761749/Waves.jl/data/train/data252.jld2 (read-only)
JLDFile /lts/home/012761749/Waves.jl/data/train/data253.jld2 (read-only)
JLDFile /lts/home/012761749/Waves.jl/data/train/data254.jld2 (read-only)
JLDFile /lts/home/012761749/Waves.jl/data/train/data255.jld2 (read-only)
JLDFile /lts/home/012761749/Waves.jl/data/train/data256.jld2 (read-only)
JLDFile /lts/home/012761749/Waves.jl/data/train/data257.jld2 (read-only)
JLDFile /lts/home/012761749/Waves.jl/data/train/data258.jld2 (read-only)
JLDFile /lts/home/012761749/Waves.jl/data/train/data259.jld2 (read-only)
JLDFile /lts/home/012761749/Waves.jl/data/train/data26.jld2 (read-only)
JLDFile /lts/home/012761749/Waves.jl/data/train/data260.jld2 (read-only)
JLDFile /lts/home/012761749/Waves.jl/data/train/data261.jld2 (read-only)
JLDFile /lts/home/012761749/Waves.jl/data/train/data262.jld2 (read-only)
JLDFile /lts/home/012761749/Waves.jl/data/train/data263.jld2 (read-only)
JLDFile /lts/home/012761749/Waves.jl/data/train/data264.jld2 (read-only)
JLDFile /lts/home/012761749/Waves.jl/data/train/data265.jld2 (read-only)
JLDFile /lts/home/012761749/Waves.jl/data/train/data266.jld2 (read-only)
JLDFile /lts/home/012761749/Waves.jl/data/train/data267.jld2 (read-only)
JLDFile /lts/home/012761749/Waves.jl/data/train/data268.jld2 (read-only)
JLDFile /lts/home/012761749/Waves.jl/data/train/data269.jld2 (read-only)
JLDFile /lts/home/012761749/Waves.jl/data/train/data27.jld2 (read-only)
JLDFile /lts/home/012761749/Waves.jl/data/train/data270.jld2 (read-only)
JLDFile /lts/home/012761749/Waves.jl/data/train/data271.jld2 (read-only)
JLDFile /lts/home/012761749/Waves.jl/data/train/data272.jld2 (read-only)
JLDFile /lts/home/012761749/Waves.jl/data/train/data273.jld2 (read-only)
JLDFile /lts/home/012761749/Waves.jl/data/train/data274.jld2 (read-only)
JLDFile /lts/home/012761749/Waves.jl/data/train/data275.jld2 (read-only)
JLDFile /lts/home/012761749/Waves.jl/data/train/data276.jld2 (read-only)
JLDFile /lts/home/012761749/Waves.jl/data/train/data277.jld2 (read-only)
JLDFile /lts/home/012761749/Waves.jl/data/train/data278.jld2 (read-only)
JLDFile /lts/home/012761749/Waves.jl/data/train/data279.jld2 (read-only)
JLDFile /lts/home/012761749/Waves.jl/data/train/data28.jld2 (read-only)
JLDFile /lts/home/012761749/Waves.jl/data/train/data280.jld2 (read-only)
JLDFile /lts/home/012761749/Waves.jl/data/train/data281.jld2 (read-only)
JLDFile /lts/home/012761749/Waves.jl/data/train/data282.jld2 (read-only)
JLDFile /lts/home/012761749/Waves.jl/data/train/data283.jld2 (read-only)
JLDFile /lts/home/012761749/Waves.jl/data/train/data284.jld2 (read-only)
JLDFile /lts/home/012761749/Waves.jl/data/train/data285.jld2 (read-only)
JLDFile /lts/home/012761749/Waves.jl/data/train/data286.jld2 (read-only)
JLDFile /lts/home/012761749/Waves.jl/data/train/data287.jld2 (read-only)
JLDFile /lts/home/012761749/Waves.jl/data/train/data288.jld2 (read-only)
JLDFile /lts/home/012761749/Waves.jl/data/train/data289.jld2 (read-only)
JLDFile /lts/home/012761749/Waves.jl/data/train/data29.jld2 (read-only)
JLDFile /lts/home/012761749/Waves.jl/data/train/data290.jld2 (read-only)
JLDFile /lts/home/012761749/Waves.jl/data/train/data291.jld2 (read-only)
JLDFile /lts/home/012761749/Waves.jl/data/train/data292.jld2 (read-only)
JLDFile /lts/home/012761749/Waves.jl/data/train/data293.jld2 (read-only)
JLDFile /lts/home/012761749/Waves.jl/data/train/data294.jld2 (read-only)
JLDFile /lts/home/012761749/Waves.jl/data/train/data295.jld2 (read-only)
JLDFile /lts/home/012761749/Waves.jl/data/train/data296.jld2 (read-only)
JLDFile /lts/home/012761749/Waves.jl/data/train/data297.jld2 (read-only)
JLDFile /lts/home/012761749/Waves.jl/data/train/data298.jld2 (read-only)
JLDFile /lts/home/012761749/Waves.jl/data/train/data299.jld2 (read-only)
JLDFile /lts/home/012761749/Waves.jl/data/train/data3.jld2 (read-only)
JLDFile /lts/home/012761749/Waves.jl/data/train/data30.jld2 (read-only)
JLDFile /lts/home/012761749/Waves.jl/data/train/data300.jld2 (read-only)
JLDFile /lts/home/012761749/Waves.jl/data/train/data301.jld2 (read-only)
JLDFile /lts/home/012761749/Waves.jl/data/train/data302.jld2 (read-only)
JLDFile /lts/home/012761749/Waves.jl/data/train/data303.jld2 (read-only)
JLDFile /lts/home/012761749/Waves.jl/data/train/data304.jld2 (read-only)
JLDFile /lts/home/012761749/Waves.jl/data/train/data305.jld2 (read-only)
JLDFile /lts/home/012761749/Waves.jl/data/train/data306.jld2 (read-only)
JLDFile /lts/home/012761749/Waves.jl/data/train/data307.jld2 (read-only)
JLDFile /lts/home/012761749/Waves.jl/data/train/data308.jld2 (read-only)
JLDFile /lts/home/012761749/Waves.jl/data/train/data309.jld2 (read-only)
JLDFile /lts/home/012761749/Waves.jl/data/train/data31.jld2 (read-only)
JLDFile /lts/home/012761749/Waves.jl/data/train/data310.jld2 (read-only)
JLDFile /lts/home/012761749/Waves.jl/data/train/data311.jld2 (read-only)
JLDFile /lts/home/012761749/Waves.jl/data/train/data312.jld2 (read-only)
JLDFile /lts/home/012761749/Waves.jl/data/train/data313.jld2 (read-only)
JLDFile /lts/home/012761749/Waves.jl/data/train/data314.jld2 (read-only)
JLDFile /lts/home/012761749/Waves.jl/data/train/data315.jld2 (read-only)
JLDFile /lts/home/012761749/Waves.jl/data/train/data316.jld2 (read-only)
JLDFile /lts/home/012761749/Waves.jl/data/train/data317.jld2 (read-only)
JLDFile /lts/home/012761749/Waves.jl/data/train/data318.jld2 (read-only)
JLDFile /lts/home/012761749/Waves.jl/data/train/data319.jld2 (read-only)
JLDFile /lts/home/012761749/Waves.jl/data/train/data32.jld2 (read-only)
JLDFile /lts/home/012761749/Waves.jl/data/train/data320.jld2 (read-only)
JLDFile /lts/home/012761749/Waves.jl/data/train/data321.jld2 (read-only)
JLDFile /lts/home/012761749/Waves.jl/data/train/data322.jld2 (read-only)
JLDFile /lts/home/012761749/Waves.jl/data/train/data323.jld2 (read-only)
JLDFile /lts/home/012761749/Waves.jl/data/train/data324.jld2 (read-only)
JLDFile /lts/home/012761749/Waves.jl/data/train/data325.jld2 (read-only)
JLDFile /lts/home/012761749/Waves.jl/data/train/data326.jld2 (read-only)
JLDFile /lts/home/012761749/Waves.jl/data/train/data327.jld2 (read-only)
JLDFile /lts/home/012761749/Waves.jl/data/train/data328.jld2 (read-only)
JLDFile /lts/home/012761749/Waves.jl/data/train/data329.jld2 (read-only)
JLDFile /lts/home/012761749/Waves.jl/data/train/data33.jld2 (read-only)
JLDFile /lts/home/012761749/Waves.jl/data/train/data330.jld2 (read-only)
JLDFile /lts/home/012761749/Waves.jl/data/train/data331.jld2 (read-only)
JLDFile /lts/home/012761749/Waves.jl/data/train/data332.jld2 (read-only)
JLDFile /lts/home/012761749/Waves.jl/data/train/data333.jld2 (read-only)
JLDFile /lts/home/012761749/Waves.jl/data/train/data334.jld2 (read-only)
JLDFile /lts/home/012761749/Waves.jl/data/train/data335.jld2 (read-only)
JLDFile /lts/home/012761749/Waves.jl/data/train/data336.jld2 (read-only)
JLDFile /lts/home/012761749/Waves.jl/data/train/data337.jld2 (read-only)
JLDFile /lts/home/012761749/Waves.jl/data/train/data338.jld2 (read-only)
JLDFile /lts/home/012761749/Waves.jl/data/train/data339.jld2 (read-only)
JLDFile /lts/home/012761749/Waves.jl/data/train/data34.jld2 (read-only)
JLDFile /lts/home/012761749/Waves.jl/data/train/data340.jld2 (read-only)
JLDFile /lts/home/012761749/Waves.jl/data/train/data341.jld2 (read-only)
JLDFile /lts/home/012761749/Waves.jl/data/train/data342.jld2 (read-only)
JLDFile /lts/home/012761749/Waves.jl/data/train/data343.jld2 (read-only)
JLDFile /lts/home/012761749/Waves.jl/data/train/data344.jld2 (read-only)
JLDFile /lts/home/012761749/Waves.jl/data/train/data345.jld2 (read-only)
JLDFile /lts/home/012761749/Waves.jl/data/train/data346.jld2 (read-only)
JLDFile /lts/home/012761749/Waves.jl/data/train/data347.jld2 (read-only)
JLDFile /lts/home/012761749/Waves.jl/data/train/data348.jld2 (read-only)
JLDFile /lts/home/012761749/Waves.jl/data/train/data349.jld2 (read-only)
JLDFile /lts/home/012761749/Waves.jl/data/train/data35.jld2 (read-only)
JLDFile /lts/home/012761749/Waves.jl/data/train/data350.jld2 (read-only)
JLDFile /lts/home/012761749/Waves.jl/data/train/data351.jld2 (read-only)
JLDFile /lts/home/012761749/Waves.jl/data/train/data352.jld2 (read-only)
JLDFile /lts/home/012761749/Waves.jl/data/train/data353.jld2 (read-only)
JLDFile /lts/home/012761749/Waves.jl/data/train/data354.jld2 (read-only)
JLDFile /lts/home/012761749/Waves.jl/data/train/data355.jld2 (read-only)
JLDFile /lts/home/012761749/Waves.jl/data/train/data356.jld2 (read-only)
JLDFile /lts/home/012761749/Waves.jl/data/train/data357.jld2 (read-only)
JLDFile /lts/home/012761749/Waves.jl/data/train/data358.jld2 (read-only)
JLDFile /lts/home/012761749/Waves.jl/data/train/data359.jld2 (read-only)
JLDFile /lts/home/012761749/Waves.jl/data/train/data36.jld2 (read-only)
JLDFile /lts/home/012761749/Waves.jl/data/train/data360.jld2 (read-only)
JLDFile /lts/home/012761749/Waves.jl/data/train/data361.jld2 (read-only)
JLDFile /lts/home/012761749/Waves.jl/data/train/data362.jld2 (read-only)
JLDFile /lts/home/012761749/Waves.jl/data/train/data363.jld2 (read-only)
JLDFile /lts/home/012761749/Waves.jl/data/train/data364.jld2 (read-only)
JLDFile /lts/home/012761749/Waves.jl/data/train/data365.jld2 (read-only)
JLDFile /lts/home/012761749/Waves.jl/data/train/data366.jld2 (read-only)
JLDFile /lts/home/012761749/Waves.jl/data/train/data367.jld2 (read-only)
JLDFile /lts/home/012761749/Waves.jl/data/train/data368.jld2 (read-only)
JLDFile /lts/home/012761749/Waves.jl/data/train/data369.jld2 (read-only)
JLDFile /lts/home/012761749/Waves.jl/data/train/data37.jld2 (read-only)
JLDFile /lts/home/012761749/Waves.jl/data/train/data370.jld2 (read-only)
JLDFile /lts/home/012761749/Waves.jl/data/train/data371.jld2 (read-only)
JLDFile /lts/home/012761749/Waves.jl/data/train/data372.jld2 (read-only)
JLDFile /lts/home/012761749/Waves.jl/data/train/data373.jld2 (read-only)
JLDFile /lts/home/012761749/Waves.jl/data/train/data374.jld2 (read-only)
JLDFile /lts/home/012761749/Waves.jl/data/train/data375.jld2 (read-only)
JLDFile /lts/home/012761749/Waves.jl/data/train/data376.jld2 (read-only)
JLDFile /lts/home/012761749/Waves.jl/data/train/data377.jld2 (read-only)
JLDFile /lts/home/012761749/Waves.jl/data/train/data378.jld2 (read-only)
JLDFile /lts/home/012761749/Waves.jl/data/train/data379.jld2 (read-only)
JLDFile /lts/home/012761749/Waves.jl/data/train/data38.jld2 (read-only)
JLDFile /lts/home/012761749/Waves.jl/data/train/data380.jld2 (read-only)
JLDFile /lts/home/012761749/Waves.jl/data/train/data381.jld2 (read-only)
JLDFile /lts/home/012761749/Waves.jl/data/train/data382.jld2 (read-only)
JLDFile /lts/home/012761749/Waves.jl/data/train/data383.jld2 (read-only)
JLDFile /lts/home/012761749/Waves.jl/data/train/data384.jld2 (read-only)
JLDFile /lts/home/012761749/Waves.jl/data/train/data385.jld2 (read-only)
JLDFile /lts/home/012761749/Waves.jl/data/train/data386.jld2 (read-only)
JLDFile /lts/home/012761749/Waves.jl/data/train/data387.jld2 (read-only)
JLDFile /lts/home/012761749/Waves.jl/data/train/data388.jld2 (read-only)
JLDFile /lts/home/012761749/Waves.jl/data/train/data389.jld2 (read-only)
JLDFile /lts/home/012761749/Waves.jl/data/train/data39.jld2 (read-only)
JLDFile /lts/home/012761749/Waves.jl/data/train/data390.jld2 (read-only)
JLDFile /lts/home/012761749/Waves.jl/data/train/data391.jld2 (read-only)
JLDFile /lts/home/012761749/Waves.jl/data/train/data392.jld2 (read-only)
JLDFile /lts/home/012761749/Waves.jl/data/train/data393.jld2 (read-only)
JLDFile /lts/home/012761749/Waves.jl/data/train/data394.jld2 (read-only)
JLDFile /lts/home/012761749/Waves.jl/data/train/data395.jld2 (read-only)
JLDFile /lts/home/012761749/Waves.jl/data/train/data396.jld2 (read-only)
JLDFile /lts/home/012761749/Waves.jl/data/train/data397.jld2 (read-only)
JLDFile /lts/home/012761749/Waves.jl/data/train/data398.jld2 (read-only)
JLDFile /lts/home/012761749/Waves.jl/data/train/data399.jld2 (read-only)
JLDFile /lts/home/012761749/Waves.jl/data/train/data4.jld2 (read-only)
JLDFile /lts/home/012761749/Waves.jl/data/train/data40.jld2 (read-only)
JLDFile /lts/home/012761749/Waves.jl/data/train/data400.jld2 (read-only)
JLDFile /lts/home/012761749/Waves.jl/data/train/data401.jld2 (read-only)
JLDFile /lts/home/012761749/Waves.jl/data/train/data402.jld2 (read-only)
JLDFile /lts/home/012761749/Waves.jl/data/train/data403.jld2 (read-only)
JLDFile /lts/home/012761749/Waves.jl/data/train/data404.jld2 (read-only)
JLDFile /lts/home/012761749/Waves.jl/data/train/data405.jld2 (read-only)
JLDFile /lts/home/012761749/Waves.jl/data/train/data406.jld2 (read-only)
JLDFile /lts/home/012761749/Waves.jl/data/train/data407.jld2 (read-only)
JLDFile /lts/home/012761749/Waves.jl/data/train/data408.jld2 (read-only)
JLDFile /lts/home/012761749/Waves.jl/data/train/data409.jld2 (read-only)
JLDFile /lts/home/012761749/Waves.jl/data/train/data41.jld2 (read-only)
JLDFile /lts/home/012761749/Waves.jl/data/train/data410.jld2 (read-only)
JLDFile /lts/home/012761749/Waves.jl/data/train/data411.jld2 (read-only)
JLDFile /lts/home/012761749/Waves.jl/data/train/data412.jld2 (read-only)
JLDFile /lts/home/012761749/Waves.jl/data/train/data413.jld2 (read-only)
JLDFile /lts/home/012761749/Waves.jl/data/train/data414.jld2 (read-only)
JLDFile /lts/home/012761749/Waves.jl/data/train/data415.jld2 (read-only)
JLDFile /lts/home/012761749/Waves.jl/data/train/data416.jld2 (read-only)
JLDFile /lts/home/012761749/Waves.jl/data/train/data417.jld2 (read-only)
JLDFile /lts/home/012761749/Waves.jl/data/train/data418.jld2 (read-only)
JLDFile /lts/home/012761749/Waves.jl/data/train/data419.jld2 (read-only)
JLDFile /lts/home/012761749/Waves.jl/data/train/data42.jld2 (read-only)
JLDFile /lts/home/012761749/Waves.jl/data/train/data420.jld2 (read-only)
JLDFile /lts/home/012761749/Waves.jl/data/train/data421.jld2 (read-only)
JLDFile /lts/home/012761749/Waves.jl/data/train/data422.jld2 (read-only)
JLDFile /lts/home/012761749/Waves.jl/data/train/data423.jld2 (read-only)
JLDFile /lts/home/012761749/Waves.jl/data/train/data424.jld2 (read-only)
JLDFile /lts/home/012761749/Waves.jl/data/train/data425.jld2 (read-only)
JLDFile /lts/home/012761749/Waves.jl/data/train/data426.jld2 (read-only)
JLDFile /lts/home/012761749/Waves.jl/data/train/data427.jld2 (read-only)
JLDFile /lts/home/012761749/Waves.jl/data/train/data428.jld2 (read-only)
JLDFile /lts/home/012761749/Waves.jl/data/train/data429.jld2 (read-only)
JLDFile /lts/home/012761749/Waves.jl/data/train/data43.jld2 (read-only)
JLDFile /lts/home/012761749/Waves.jl/data/train/data430.jld2 (read-only)
JLDFile /lts/home/012761749/Waves.jl/data/train/data431.jld2 (read-only)
JLDFile /lts/home/012761749/Waves.jl/data/train/data432.jld2 (read-only)
JLDFile /lts/home/012761749/Waves.jl/data/train/data433.jld2 (read-only)
JLDFile /lts/home/012761749/Waves.jl/data/train/data434.jld2 (read-only)
JLDFile /lts/home/012761749/Waves.jl/data/train/data435.jld2 (read-only)
JLDFile /lts/home/012761749/Waves.jl/data/train/data436.jld2 (read-only)
JLDFile /lts/home/012761749/Waves.jl/data/train/data437.jld2 (read-only)
JLDFile /lts/home/012761749/Waves.jl/data/train/data438.jld2 (read-only)
JLDFile /lts/home/012761749/Waves.jl/data/train/data439.jld2 (read-only)
JLDFile /lts/home/012761749/Waves.jl/data/train/data44.jld2 (read-only)
JLDFile /lts/home/012761749/Waves.jl/data/train/data440.jld2 (read-only)
JLDFile /lts/home/012761749/Waves.jl/data/train/data441.jld2 (read-only)
JLDFile /lts/home/012761749/Waves.jl/data/train/data442.jld2 (read-only)
JLDFile /lts/home/012761749/Waves.jl/data/train/data443.jld2 (read-only)
JLDFile /lts/home/012761749/Waves.jl/data/train/data444.jld2 (read-only)
JLDFile /lts/home/012761749/Waves.jl/data/train/data445.jld2 (read-only)
JLDFile /lts/home/012761749/Waves.jl/data/train/data446.jld2 (read-only)
JLDFile /lts/home/012761749/Waves.jl/data/train/data447.jld2 (read-only)
JLDFile /lts/home/012761749/Waves.jl/data/train/data448.jld2 (read-only)
JLDFile /lts/home/012761749/Waves.jl/data/train/data449.jld2 (read-only)
JLDFile /lts/home/012761749/Waves.jl/data/train/data45.jld2 (read-only)
JLDFile /lts/home/012761749/Waves.jl/data/train/data450.jld2 (read-only)
JLDFile /lts/home/012761749/Waves.jl/data/train/data451.jld2 (read-only)
JLDFile /lts/home/012761749/Waves.jl/data/train/data452.jld2 (read-only)
JLDFile /lts/home/012761749/Waves.jl/data/train/data453.jld2 (read-only)
JLDFile /lts/home/012761749/Waves.jl/data/train/data454.jld2 (read-only)
JLDFile /lts/home/012761749/Waves.jl/data/train/data455.jld2 (read-only)
JLDFile /lts/home/012761749/Waves.jl/data/train/data456.jld2 (read-only)
JLDFile /lts/home/012761749/Waves.jl/data/train/data457.jld2 (read-only)
JLDFile /lts/home/012761749/Waves.jl/data/train/data458.jld2 (read-only)
JLDFile /lts/home/012761749/Waves.jl/data/train/data459.jld2 (read-only)
JLDFile /lts/home/012761749/Waves.jl/data/train/data46.jld2 (read-only)
JLDFile /lts/home/012761749/Waves.jl/data/train/data460.jld2 (read-only)
JLDFile /lts/home/012761749/Waves.jl/data/train/data461.jld2 (read-only)
JLDFile /lts/home/012761749/Waves.jl/data/train/data462.jld2 (read-only)
JLDFile /lts/home/012761749/Waves.jl/data/train/data463.jld2 (read-only)
JLDFile /lts/home/012761749/Waves.jl/data/train/data464.jld2 (read-only)
JLDFile /lts/home/012761749/Waves.jl/data/train/data465.jld2 (read-only)
JLDFile /lts/home/012761749/Waves.jl/data/train/data466.jld2 (read-only)
JLDFile /lts/home/012761749/Waves.jl/data/train/data467.jld2 (read-only)
JLDFile /lts/home/012761749/Waves.jl/data/train/data468.jld2 (read-only)
JLDFile /lts/home/012761749/Waves.jl/data/train/data469.jld2 (read-only)
JLDFile /lts/home/012761749/Waves.jl/data/train/data47.jld2 (read-only)
JLDFile /lts/home/012761749/Waves.jl/data/train/data470.jld2 (read-only)
JLDFile /lts/home/012761749/Waves.jl/data/train/data471.jld2 (read-only)
JLDFile /lts/home/012761749/Waves.jl/data/train/data472.jld2 (read-only)
JLDFile /lts/home/012761749/Waves.jl/data/train/data473.jld2 (read-only)
JLDFile /lts/home/012761749/Waves.jl/data/train/data474.jld2 (read-only)
JLDFile /lts/home/012761749/Waves.jl/data/train/data475.jld2 (read-only)
JLDFile /lts/home/012761749/Waves.jl/data/train/data476.jld2 (read-only)
JLDFile /lts/home/012761749/Waves.jl/data/train/data477.jld2 (read-only)
JLDFile /lts/home/012761749/Waves.jl/data/train/data478.jld2 (read-only)
JLDFile /lts/home/012761749/Waves.jl/data/train/data479.jld2 (read-only)
JLDFile /lts/home/012761749/Waves.jl/data/train/data48.jld2 (read-only)
JLDFile /lts/home/012761749/Waves.jl/data/train/data480.jld2 (read-only)
JLDFile /lts/home/012761749/Waves.jl/data/train/data481.jld2 (read-only)
JLDFile /lts/home/012761749/Waves.jl/data/train/data482.jld2 (read-only)
JLDFile /lts/home/012761749/Waves.jl/data/train/data483.jld2 (read-only)
JLDFile /lts/home/012761749/Waves.jl/data/train/data484.jld2 (read-only)
JLDFile /lts/home/012761749/Waves.jl/data/train/data485.jld2 (read-only)
JLDFile /lts/home/012761749/Waves.jl/data/train/data486.jld2 (read-only)
JLDFile /lts/home/012761749/Waves.jl/data/train/data487.jld2 (read-only)
JLDFile /lts/home/012761749/Waves.jl/data/train/data488.jld2 (read-only)
JLDFile /lts/home/012761749/Waves.jl/data/train/data489.jld2 (read-only)
JLDFile /lts/home/012761749/Waves.jl/data/train/data49.jld2 (read-only)
JLDFile /lts/home/012761749/Waves.jl/data/train/data490.jld2 (read-only)
JLDFile /lts/home/012761749/Waves.jl/data/train/data491.jld2 (read-only)
JLDFile /lts/home/012761749/Waves.jl/data/train/data492.jld2 (read-only)
JLDFile /lts/home/012761749/Waves.jl/data/train/data493.jld2 (read-only)
JLDFile /lts/home/012761749/Waves.jl/data/train/data494.jld2 (read-only)
JLDFile /lts/home/012761749/Waves.jl/data/train/data495.jld2 (read-only)
JLDFile /lts/home/012761749/Waves.jl/data/train/data496.jld2 (read-only)
JLDFile /lts/home/012761749/Waves.jl/data/train/data497.jld2 (read-only)
JLDFile /lts/home/012761749/Waves.jl/data/train/data498.jld2 (read-only)
JLDFile /lts/home/012761749/Waves.jl/data/train/data499.jld2 (read-only)
JLDFile /lts/home/012761749/Waves.jl/data/train/data5.jld2 (read-only)
JLDFile /lts/home/012761749/Waves.jl/data/train/data50.jld2 (read-only)
JLDFile /lts/home/012761749/Waves.jl/data/train/data500.jld2 (read-only)
JLDFile /lts/home/012761749/Waves.jl/data/train/data51.jld2 (read-only)
JLDFile /lts/home/012761749/Waves.jl/data/train/data52.jld2 (read-only)
JLDFile /lts/home/012761749/Waves.jl/data/train/data53.jld2 (read-only)
JLDFile /lts/home/012761749/Waves.jl/data/train/data54.jld2 (read-only)
JLDFile /lts/home/012761749/Waves.jl/data/train/data55.jld2 (read-only)
JLDFile /lts/home/012761749/Waves.jl/data/train/data56.jld2 (read-only)
JLDFile /lts/home/012761749/Waves.jl/data/train/data57.jld2 (read-only)
JLDFile /lts/home/012761749/Waves.jl/data/train/data58.jld2 (read-only)
JLDFile /lts/home/012761749/Waves.jl/data/train/data59.jld2 (read-only)
JLDFile /lts/home/012761749/Waves.jl/data/train/data6.jld2 (read-only)
JLDFile /lts/home/012761749/Waves.jl/data/train/data60.jld2 (read-only)
JLDFile /lts/home/012761749/Waves.jl/data/train/data61.jld2 (read-only)
JLDFile /lts/home/012761749/Waves.jl/data/train/data62.jld2 (read-only)
JLDFile /lts/home/012761749/Waves.jl/data/train/data63.jld2 (read-only)
JLDFile /lts/home/012761749/Waves.jl/data/train/data64.jld2 (read-only)
JLDFile /lts/home/012761749/Waves.jl/data/train/data65.jld2 (read-only)
JLDFile /lts/home/012761749/Waves.jl/data/train/data66.jld2 (read-only)
JLDFile /lts/home/012761749/Waves.jl/data/train/data67.jld2 (read-only)
JLDFile /lts/home/012761749/Waves.jl/data/train/data68.jld2 (read-only)
JLDFile /lts/home/012761749/Waves.jl/data/train/data69.jld2 (read-only)
JLDFile /lts/home/012761749/Waves.jl/data/train/data7.jld2 (read-only)
JLDFile /lts/home/012761749/Waves.jl/data/train/data70.jld2 (read-only)
JLDFile /lts/home/012761749/Waves.jl/data/train/data71.jld2 (read-only)
JLDFile /lts/home/012761749/Waves.jl/data/train/data72.jld2 (read-only)
JLDFile /lts/home/012761749/Waves.jl/data/train/data73.jld2 (read-only)
JLDFile /lts/home/012761749/Waves.jl/data/train/data74.jld2 (read-only)
JLDFile /lts/home/012761749/Waves.jl/data/train/data75.jld2 (read-only)
JLDFile /lts/home/012761749/Waves.jl/data/train/data76.jld2 (read-only)
JLDFile /lts/home/012761749/Waves.jl/data/train/data77.jld2 (read-only)
JLDFile /lts/home/012761749/Waves.jl/data/train/data78.jld2 (read-only)
JLDFile /lts/home/012761749/Waves.jl/data/train/data79.jld2 (read-only)
JLDFile /lts/home/012761749/Waves.jl/data/train/data8.jld2 (read-only)
JLDFile /lts/home/012761749/Waves.jl/data/train/data80.jld2 (read-only)
JLDFile /lts/home/012761749/Waves.jl/data/train/data81.jld2 (read-only)
JLDFile /lts/home/012761749/Waves.jl/data/train/data82.jld2 (read-only)
JLDFile /lts/home/012761749/Waves.jl/data/train/data83.jld2 (read-only)
JLDFile /lts/home/012761749/Waves.jl/data/train/data84.jld2 (read-only)
JLDFile /lts/home/012761749/Waves.jl/data/train/data85.jld2 (read-only)
JLDFile /lts/home/012761749/Waves.jl/data/train/data86.jld2 (read-only)
JLDFile /lts/home/012761749/Waves.jl/data/train/data87.jld2 (read-only)
JLDFile /lts/home/012761749/Waves.jl/data/train/data88.jld2 (read-only)
JLDFile /lts/home/012761749/Waves.jl/data/train/data89.jld2 (read-only)
JLDFile /lts/home/012761749/Waves.jl/data/train/data9.jld2 (read-only)
JLDFile /lts/home/012761749/Waves.jl/data/train/data90.jld2 (read-only)
JLDFile /lts/home/012761749/Waves.jl/data/train/data91.jld2 (read-only)
JLDFile /lts/home/012761749/Waves.jl/data/train/data92.jld2 (read-only)
JLDFile /lts/home/012761749/Waves.jl/data/train/data93.jld2 (read-only)
JLDFile /lts/home/012761749/Waves.jl/data/train/data94.jld2 (read-only)
JLDFile /lts/home/012761749/Waves.jl/data/train/data95.jld2 (read-only)
JLDFile /lts/home/012761749/Waves.jl/data/train/data96.jld2 (read-only)
JLDFile /lts/home/012761749/Waves.jl/data/train/data97.jld2 (read-only)
JLDFile /lts/home/012761749/Waves.jl/data/train/data98.jld2 (read-only)
JLDFile /lts/home/012761749/Waves.jl/data/train/data99.jld2 (read-only)
JLDFile /lts/home/012761749/Waves.jl/data/test/data1.jld2 (read-only)
JLDFile /lts/home/012761749/Waves.jl/data/test/data10.jld2 (read-only)
JLDFile /lts/home/012761749/Waves.jl/data/test/data11.jld2 (read-only)
JLDFile /lts/home/012761749/Waves.jl/data/test/data12.jld2 (read-only)
JLDFile /lts/home/012761749/Waves.jl/data/test/data13.jld2 (read-only)
JLDFile /lts/home/012761749/Waves.jl/data/test/data14.jld2 (read-only)
JLDFile /lts/home/012761749/Waves.jl/data/test/data15.jld2 (read-only)
JLDFile /lts/home/012761749/Waves.jl/data/test/data16.jld2 (read-only)
JLDFile /lts/home/012761749/Waves.jl/data/test/data17.jld2 (read-only)
JLDFile /lts/home/012761749/Waves.jl/data/test/data18.jld2 (read-only)
JLDFile /lts/home/012761749/Waves.jl/data/test/data19.jld2 (read-only)
JLDFile /lts/home/012761749/Waves.jl/data/test/data2.jld2 (read-only)
JLDFile /lts/home/012761749/Waves.jl/data/test/data20.jld2 (read-only)
JLDFile /lts/home/012761749/Waves.jl/data/test/data3.jld2 (read-only)
JLDFile /lts/home/012761749/Waves.jl/data/test/data4.jld2 (read-only)
JLDFile /lts/home/012761749/Waves.jl/data/test/data5.jld2 (read-only)
JLDFile /lts/home/012761749/Waves.jl/data/test/data6.jld2 (read-only)
JLDFile /lts/home/012761749/Waves.jl/data/test/data7.jld2 (read-only)
JLDFile /lts/home/012761749/Waves.jl/data/test/data8.jld2 (read-only)
JLDFile /lts/home/012761749/Waves.jl/data/test/data9.jld2 (read-only)
ERROR: LoadError: UndefVarError: incident_encoder not defined
Stacktrace:
  [1] _pullback
    @ /lts/home/012761749/Waves.jl/scripts/latent_wave_separation.jl:35 [inlined]
  [2] _pullback(::Zygote.Context{true}, ::LatentWaveSeparation, ::CUDA.CuArray{Float32, 3, CUDA.Mem.DeviceBuffer}, ::Scatterers, ::Scatterers, ::Int64)
    @ Zygote ~/.julia/packages/Zygote/g2w9o/src/compiler/interface2.jl:0
  [3] _pullback
    @ /lts/home/012761749/Waves.jl/scripts/latent_wave_separation.jl:49 [inlined]
  [4] _pullback(::Zygote.Context{true}, ::LatentWaveSeparation, ::WaveEnvState{Scatterers}, ::Scatterers)
    @ Zygote ~/.julia/packages/Zygote/g2w9o/src/compiler/interface2.jl:0
  [5] _pullback
    @ /lts/home/012761749/Waves.jl/scripts/latent_wave_separation.jl:76 [inlined]
  [6] _pullback(::Zygote.Context{true}, ::typeof(loss), ::LatentWaveSeparation, ::WaveEnvState{Scatterers}, ::Scatterers)
    @ Zygote ~/.julia/packages/Zygote/g2w9o/src/compiler/interface2.jl:0
  [7] _pullback
    @ /lts/home/012761749/Waves.jl/scripts/main.jl:39 [inlined]
  [8] _pullback(::Zygote.Context{true}, ::var"#18#20"{LatentWaveSeparation, Vector{Float32}}, ::Vector{WaveEnvState}, ::Vector{AbstractDesign})
    @ Zygote ~/.julia/packages/Zygote/g2w9o/src/compiler/interface2.jl:0
  [9] _apply
    @ ./boot.jl:816 [inlined]
 [10] adjoint
    @ ~/.julia/packages/Zygote/g2w9o/src/lib/lib.jl:203 [inlined]
 [11] _pullback
    @ ~/.julia/packages/ZygoteRules/AIbCs/src/adjoint.jl:65 [inlined]
 [12] _pullback
    @ ~/.julia/packages/Flux/KkC79/src/optimise/train.jl:120 [inlined]
 [13] _pullback(::Zygote.Context{true}, ::Flux.Optimise.var"#37#40"{var"#18#20"{LatentWaveSeparation, Vector{Float32}}, Tuple{Vector{WaveEnvState}, Vector{AbstractDesign}}})
    @ Zygote ~/.julia/packages/Zygote/g2w9o/src/compiler/interface2.jl:0
 [14] pullback(f::Function, ps::Zygote.Params{Zygote.Buffer{Any, Vector{Any}}})
    @ Zygote ~/.julia/packages/Zygote/g2w9o/src/compiler/interface.jl:384
 [15] gradient(f::Function, args::Zygote.Params{Zygote.Buffer{Any, Vector{Any}}})
    @ Zygote ~/.julia/packages/Zygote/g2w9o/src/compiler/interface.jl:96
 [16] macro expansion
    @ ~/.julia/packages/Flux/KkC79/src/optimise/train.jl:119 [inlined]
 [17] macro expansion
    @ ~/.julia/packages/ProgressLogging/6KXlp/src/ProgressLogging.jl:328 [inlined]
 [18] train!(loss::Function, ps::Zygote.Params{Zygote.Buffer{Any, Vector{Any}}}, data::MLUtils.DataLoader{Tuple{Vector{WaveEnvState}, Vector{AbstractDesign}}, Random._GLOBAL_RNG, Val{nothing}}, opt::Adam; cb::Flux.Optimise.var"#38#41")
    @ Flux.Optimise ~/.julia/packages/Flux/KkC79/src/optimise/train.jl:117
 [19] train!
    @ ~/.julia/packages/Flux/KkC79/src/optimise/train.jl:113 [inlined]
 [20] train_wave_encoder_decoder_model!(opt::Adam, ps::Zygote.Params{Zygote.Buffer{Any, Vector{Any}}}, model::LatentWaveSeparation, train_loader::MLUtils.DataLoader{Tuple{Vector{WaveEnvState}, Vector{AbstractDesign}}, Random._GLOBAL_RNG, Val{nothing}}, test_loader::MLUtils.DataLoader{Tuple{Vector{WaveEnvState}, Vector{AbstractDesign}}, Random._GLOBAL_RNG, Val{nothing}}, epochs::Int64; path::String)
    @ Main /lts/home/012761749/Waves.jl/scripts/main.jl:36
 [21] top-level scope
    @ /lts/home/012761749/Waves.jl/scripts/main.jl:110
in expression starting at /lts/home/012761749/Waves.jl/scripts/main.jl:110
srun: error: cs003: task 0: Exited with exit code 1
